[2023-05-30 00:07:15.976] [info] [console_user_server] version 14.12.0
[2023-05-30 00:07:16.099] [info] [console_user_server] on_console_changed: on_console:true
[2023-05-30 00:07:16.099] [info] [console_user_server] grabber_client is started.
[2023-05-30 00:07:16.099] [error] [console_user_server] grabber_client connect_failed: No such file or directory
[2023-05-30 00:07:17.166] [error] [console_user_server] grabber_client connect_failed: No such file or directory
[2023-05-30 00:07:18.234] [error] [console_user_server] grabber_client connect_failed: No such file or directory
[2023-05-30 00:07:19.299] [error] [console_user_server] grabber_client connect_failed: No such file or directory
[2023-05-30 00:07:20.353] [error] [console_user_server] grabber_client connect_failed: No such file or directory
[2023-05-30 00:07:21.410] [error] [console_user_server] grabber_client connect_failed: No such file or directory
[2023-05-30 00:07:22.448] [error] [console_user_server] grabber_client connect_failed: No such file or directory
[2023-05-30 00:07:23.478] [error] [console_user_server] grabber_client connect_failed: No such file or directory
[2023-05-30 00:07:24.551] [error] [console_user_server] grabber_client connect_failed: No such file or directory
[2023-05-30 00:07:25.571] [error] [console_user_server] grabber_client connect_failed: No such file or directory
[2023-05-30 00:07:26.587] [error] [console_user_server] grabber_client connect_failed: No such file or directory
[2023-05-30 00:07:27.659] [error] [console_user_server] grabber_client connect_failed: No such file or directory
[2023-05-30 00:07:28.721] [error] [console_user_server] grabber_client connect_failed: No such file or directory
[2023-05-30 00:07:29.785] [error] [console_user_server] grabber_client connect_failed: No such file or directory
[2023-05-30 00:07:30.818] [error] [console_user_server] grabber_client connect_failed: No such file or directory
[2023-05-30 00:07:31.882] [error] [console_user_server] grabber_client connect_failed: No such file or directory
[2023-05-30 00:07:32.953] [error] [console_user_server] grabber_client connect_failed: No such file or directory
[2023-05-30 00:07:34.028] [error] [console_user_server] grabber_client connect_failed: No such file or directory
[2023-05-30 00:07:35.077] [error] [console_user_server] grabber_client connect_failed: No such file or directory
[2023-05-30 00:07:36.150] [error] [console_user_server] grabber_client connect_failed: No such file or directory
[2023-05-30 00:07:37.214] [error] [console_user_server] grabber_client connect_failed: No such file or directory
[2023-05-30 00:07:38.289] [error] [console_user_server] grabber_client connect_failed: No such file or directory
[2023-05-30 00:07:39.343] [error] [console_user_server] grabber_client connect_failed: No such file or directory
[2023-05-30 00:07:40.414] [error] [console_user_server] grabber_client connect_failed: No such file or directory
[2023-05-30 00:07:41.485] [error] [console_user_server] grabber_client connect_failed: No such file or directory
[2023-05-30 00:07:42.559] [error] [console_user_server] grabber_client connect_failed: No such file or directory
[2023-05-30 00:07:43.626] [error] [console_user_server] grabber_client connect_failed: No such file or directory
[2023-05-30 00:07:44.659] [error] [console_user_server] grabber_client connect_failed: No such file or directory
[2023-05-30 00:07:45.697] [error] [console_user_server] grabber_client connect_failed: No such file or directory
[2023-05-30 00:07:46.758] [error] [console_user_server] grabber_client connect_failed: No such file or directory
[2023-05-30 00:07:47.832] [error] [console_user_server] grabber_client connect_failed: No such file or directory
[2023-05-30 00:07:48.902] [error] [console_user_server] grabber_client connect_failed: No such file or directory
[2023-05-30 00:07:49.974] [error] [console_user_server] grabber_client connect_failed: No such file or directory
[2023-05-30 00:07:51.047] [error] [console_user_server] grabber_client connect_failed: No such file or directory
[2023-05-30 00:07:52.112] [error] [console_user_server] grabber_client connect_failed: No such file or directory
[2023-05-30 00:07:53.177] [error] [console_user_server] grabber_client connect_failed: No such file or directory
[2023-05-30 00:07:54.205] [error] [console_user_server] grabber_client connect_failed: No such file or directory
[2023-05-30 00:07:55.280] [error] [console_user_server] grabber_client connect_failed: No such file or directory
[2023-05-30 00:07:56.337] [error] [console_user_server] grabber_client connect_failed: No such file or directory
[2023-05-30 00:07:57.413] [error] [console_user_server] grabber_client connect_failed: No such file or directory
[2023-05-30 00:07:58.481] [error] [console_user_server] grabber_client connect_failed: No such file or directory
[2023-05-30 00:07:59.552] [error] [console_user_server] grabber_client connect_failed: No such file or directory
[2023-05-30 00:08:00.626] [error] [console_user_server] grabber_client connect_failed: No such file or directory
[2023-05-30 00:08:01.660] [error] [console_user_server] grabber_client connect_failed: No such file or directory
[2023-05-30 00:08:02.698] [error] [console_user_server] grabber_client connect_failed: No such file or directory
[2023-05-30 00:08:03.760] [error] [console_user_server] grabber_client connect_failed: No such file or directory
[2023-05-30 00:08:04.789] [error] [console_user_server] grabber_client connect_failed: No such file or directory
[2023-05-30 00:08:05.831] [error] [console_user_server] grabber_client connect_failed: No such file or directory
[2023-05-30 00:08:06.850] [error] [console_user_server] grabber_client connect_failed: No such file or directory
[2023-05-30 00:08:07.895] [error] [console_user_server] grabber_client connect_failed: No such file or directory
[2023-05-30 00:08:08.947] [error] [console_user_server] grabber_client connect_failed: No such file or directory
[2023-05-30 00:08:10.003] [error] [console_user_server] grabber_client connect_failed: No such file or directory
[2023-05-30 00:08:11.078] [error] [console_user_server] grabber_client connect_failed: No such file or directory
[2023-05-30 00:08:12.152] [error] [console_user_server] grabber_client connect_failed: No such file or directory
[2023-05-30 00:08:13.225] [error] [console_user_server] grabber_client connect_failed: No such file or directory
[2023-05-30 00:08:14.245] [error] [console_user_server] grabber_client connect_failed: No such file or directory
[2023-05-30 00:08:15.320] [error] [console_user_server] grabber_client connect_failed: No such file or directory
[2023-05-30 00:08:16.381] [error] [console_user_server] grabber_client connect_failed: No such file or directory
[2023-05-30 00:08:17.399] [error] [console_user_server] grabber_client connect_failed: No such file or directory
[2023-05-30 00:08:18.462] [error] [console_user_server] grabber_client connect_failed: No such file or directory
[2023-05-30 00:08:19.530] [error] [console_user_server] grabber_client connect_failed: No such file or directory
[2023-05-30 00:08:20.597] [error] [console_user_server] grabber_client connect_failed: No such file or directory
[2023-05-30 00:08:21.673] [error] [console_user_server] grabber_client connect_failed: No such file or directory
[2023-05-30 00:08:22.722] [error] [console_user_server] grabber_client connect_failed: No such file or directory
[2023-05-30 00:08:23.799] [error] [console_user_server] grabber_client connect_failed: No such file or directory
[2023-05-30 00:08:24.865] [error] [console_user_server] grabber_client connect_failed: No such file or directory
[2023-05-30 00:08:25.926] [error] [console_user_server] grabber_client connect_failed: No such file or directory
[2023-05-30 00:08:26.981] [error] [console_user_server] grabber_client connect_failed: No such file or directory
[2023-05-30 00:08:28.025] [error] [console_user_server] grabber_client connect_failed: No such file or directory
[2023-05-30 00:08:29.099] [error] [console_user_server] grabber_client connect_failed: No such file or directory
[2023-05-30 00:08:30.165] [error] [console_user_server] grabber_client connect_failed: No such file or directory
[2023-05-30 00:08:31.217] [error] [console_user_server] grabber_client connect_failed: No such file or directory
[2023-05-30 00:08:32.285] [error] [console_user_server] grabber_client connect_failed: No such file or directory
[2023-05-30 00:08:33.313] [error] [console_user_server] grabber_client connect_failed: No such file or directory
[2023-05-30 00:08:34.372] [error] [console_user_server] grabber_client connect_failed: No such file or directory
[2023-05-30 00:08:35.447] [error] [console_user_server] grabber_client connect_failed: No such file or directory
[2023-05-30 00:08:36.516] [error] [console_user_server] grabber_client connect_failed: No such file or directory
[2023-05-30 00:08:37.592] [error] [console_user_server] grabber_client connect_failed: No such file or directory
[2023-05-30 00:08:38.662] [error] [console_user_server] grabber_client connect_failed: No such file or directory
[2023-05-30 00:08:39.736] [error] [console_user_server] grabber_client connect_failed: No such file or directory
[2023-05-30 00:08:40.790] [error] [console_user_server] grabber_client connect_failed: No such file or directory
[2023-05-30 00:08:41.854] [error] [console_user_server] grabber_client connect_failed: No such file or directory
[2023-05-30 00:08:42.864] [error] [console_user_server] grabber_client connect_failed: No such file or directory
[2023-05-30 00:08:43.902] [error] [console_user_server] grabber_client connect_failed: No such file or directory
[2023-05-30 00:08:44.906] [error] [console_user_server] grabber_client connect_failed: No such file or directory
[2023-05-30 00:08:45.965] [error] [console_user_server] grabber_client connect_failed: No such file or directory
[2023-05-30 00:08:47.039] [error] [console_user_server] grabber_client connect_failed: No such file or directory
[2023-05-30 00:08:48.111] [error] [console_user_server] grabber_client connect_failed: No such file or directory
[2023-05-30 00:08:49.152] [error] [console_user_server] grabber_client connect_failed: No such file or directory
[2023-05-30 00:08:50.211] [error] [console_user_server] grabber_client connect_failed: No such file or directory
[2023-05-30 00:08:51.277] [error] [console_user_server] grabber_client connect_failed: No such file or directory
[2023-05-30 00:08:52.332] [error] [console_user_server] grabber_client connect_failed: No such file or directory
[2023-05-30 00:08:53.405] [error] [console_user_server] grabber_client connect_failed: No such file or directory
[2023-05-30 00:08:54.467] [error] [console_user_server] grabber_client connect_failed: No such file or directory
[2023-05-30 00:08:55.540] [error] [console_user_server] grabber_client connect_failed: No such file or directory
[2023-05-30 00:08:56.604] [error] [console_user_server] grabber_client connect_failed: No such file or directory
[2023-05-30 00:08:57.651] [error] [console_user_server] grabber_client connect_failed: No such file or directory
[2023-05-30 00:08:58.717] [error] [console_user_server] grabber_client connect_failed: No such file or directory
[2023-05-30 00:08:59.723] [error] [console_user_server] grabber_client connect_failed: No such file or directory
[2023-05-30 00:09:00.761] [error] [console_user_server] grabber_client connect_failed: No such file or directory
[2023-05-30 00:09:01.831] [error] [console_user_server] grabber_client connect_failed: No such file or directory
[2023-05-30 00:09:02.904] [error] [console_user_server] grabber_client connect_failed: No such file or directory
[2023-05-30 00:09:03.971] [error] [console_user_server] grabber_client connect_failed: No such file or directory
[2023-05-30 00:09:05.004] [error] [console_user_server] grabber_client connect_failed: No such file or directory
[2023-05-30 00:09:06.073] [error] [console_user_server] grabber_client connect_failed: No such file or directory
[2023-05-30 00:09:07.134] [error] [console_user_server] grabber_client connect_failed: No such file or directory
[2023-05-30 00:09:08.208] [error] [console_user_server] grabber_client connect_failed: No such file or directory
[2023-05-30 00:09:09.268] [error] [console_user_server] grabber_client connect_failed: No such file or directory
[2023-05-30 00:09:10.332] [error] [console_user_server] grabber_client connect_failed: No such file or directory
[2023-05-30 00:09:11.406] [error] [console_user_server] grabber_client connect_failed: No such file or directory
[2023-05-30 00:09:12.467] [error] [console_user_server] grabber_client connect_failed: No such file or directory
[2023-05-30 00:09:13.539] [error] [console_user_server] grabber_client connect_failed: No such file or directory
[2023-05-30 00:09:14.610] [error] [console_user_server] grabber_client connect_failed: No such file or directory
[2023-05-30 00:09:15.679] [error] [console_user_server] grabber_client connect_failed: No such file or directory
[2023-05-30 00:09:16.624] [info] [console_user_server] version 14.12.0
[2023-05-30 00:09:16.723] [info] [console_user_server] on_console_changed: on_console:true
[2023-05-30 00:09:16.723] [info] [console_user_server] grabber_client is started.
[2023-05-30 00:09:16.723] [error] [console_user_server] grabber_client connect_failed: No such file or directory
[2023-05-30 00:09:17.798] [error] [console_user_server] grabber_client connect_failed: No such file or directory
[2023-05-30 00:09:18.870] [error] [console_user_server] grabber_client connect_failed: No such file or directory
[2023-05-30 00:09:19.913] [error] [console_user_server] grabber_client connect_failed: No such file or directory
[2023-05-30 00:09:20.989] [error] [console_user_server] grabber_client connect_failed: No such file or directory
[2023-05-30 00:09:22.053] [error] [console_user_server] grabber_client connect_failed: No such file or directory
[2023-05-30 00:09:23.091] [error] [console_user_server] grabber_client connect_failed: No such file or directory
[2023-05-30 00:09:24.158] [error] [console_user_server] grabber_client connect_failed: No such file or directory
[2023-05-30 00:09:25.179] [error] [console_user_server] grabber_client connect_failed: No such file or directory
[2023-05-30 00:09:26.255] [error] [console_user_server] grabber_client connect_failed: No such file or directory
[2023-05-30 00:09:27.323] [error] [console_user_server] grabber_client connect_failed: No such file or directory
[2023-05-30 00:09:28.366] [error] [console_user_server] grabber_client connect_failed: No such file or directory
[2023-05-30 00:09:29.438] [error] [console_user_server] grabber_client connect_failed: No such file or directory
[2023-05-30 00:09:30.445] [error] [console_user_server] grabber_client connect_failed: No such file or directory
[2023-05-30 00:09:31.513] [error] [console_user_server] grabber_client connect_failed: No such file or directory
[2023-05-30 00:09:32.587] [info] [console_user_server] grabber_client is connected.
[2023-05-30 00:09:32.730] [info] [console_user_server] Load /Users/shivamrawat/.config/karabiner/karabiner.json...
[2023-05-30 00:09:32.730] [info] [console_user_server] core_configuration is updated.
[2023-05-30 00:10:02.809] [info] [console_user_server] Check for updates...
[2023-05-30 00:10:08.542] [info] [console_user_server] Load /Users/shivamrawat/.config/karabiner/karabiner.json...
[2023-05-30 00:10:08.545] [info] [console_user_server] core_configuration is updated.
[2023-05-30 00:10:15.900] [info] [console_user_server] Load /Users/shivamrawat/.config/karabiner/karabiner.json...
[2023-05-30 00:10:15.905] [info] [console_user_server] core_configuration is updated.
[2023-05-30 00:15:07.567] [info] [console_user_server] version 14.12.0
[2023-05-30 00:15:08.986] [info] [console_user_server] on_console_changed: on_console:true
[2023-05-30 00:15:08.987] [info] [console_user_server] grabber_client is started.
[2023-05-30 00:15:08.987] [error] [console_user_server] grabber_client connect_failed: Connection refused
[2023-05-30 00:15:10.061] [error] [console_user_server] grabber_client connect_failed: Connection refused
[2023-05-30 00:15:11.134] [error] [console_user_server] grabber_client connect_failed: Connection refused
[2023-05-30 00:15:12.202] [error] [console_user_server] grabber_client connect_failed: Connection refused
[2023-05-30 00:15:13.260] [error] [console_user_server] grabber_client connect_failed: Connection refused
[2023-05-30 00:15:14.322] [error] [console_user_server] grabber_client connect_failed: Connection refused
[2023-05-30 00:15:18.122] [info] [console_user_server] version 14.12.0
[2023-05-30 00:15:19.579] [info] [console_user_server] on_console_changed: on_console:true
[2023-05-30 00:15:19.579] [info] [console_user_server] grabber_client is started.
[2023-05-30 00:15:19.580] [error] [console_user_server] grabber_client connect_failed: Connection refused
[2023-05-30 00:15:20.656] [error] [console_user_server] grabber_client connect_failed: Connection refused
[2023-05-30 00:15:21.730] [error] [console_user_server] grabber_client connect_failed: Connection refused
[2023-05-30 00:15:22.803] [error] [console_user_server] grabber_client connect_failed: Connection refused
[2023-05-30 00:15:23.875] [error] [console_user_server] grabber_client connect_failed: Connection refused
[2023-05-30 00:15:24.936] [error] [console_user_server] grabber_client connect_failed: Connection refused
[2023-05-30 00:15:25.999] [error] [console_user_server] grabber_client connect_failed: Connection refused
[2023-05-30 00:15:27.069] [error] [console_user_server] grabber_client connect_failed: Connection refused
[2023-05-30 00:15:28.146] [error] [console_user_server] grabber_client connect_failed: Connection refused
[2023-05-30 00:15:29.169] [error] [console_user_server] grabber_client connect_failed: Connection refused
[2023-05-30 00:15:30.234] [error] [console_user_server] grabber_client connect_failed: Connection refused
[2023-05-30 00:15:31.307] [error] [console_user_server] grabber_client connect_failed: Connection refused
[2023-05-30 00:15:32.383] [error] [console_user_server] grabber_client connect_failed: Connection refused
[2023-05-30 00:15:33.456] [error] [console_user_server] grabber_client connect_failed: Connection refused
[2023-05-30 00:15:34.466] [error] [console_user_server] grabber_client connect_failed: Connection refused
[2023-05-30 00:15:35.517] [error] [console_user_server] grabber_client connect_failed: Connection refused
[2023-05-30 00:15:36.567] [error] [console_user_server] grabber_client connect_failed: Connection refused
[2023-05-30 00:15:37.636] [error] [console_user_server] grabber_client connect_failed: Connection refused
[2023-05-30 00:15:38.708] [error] [console_user_server] grabber_client connect_failed: Connection refused
[2023-05-30 00:15:39.753] [error] [console_user_server] grabber_client connect_failed: Connection refused
[2023-05-30 00:15:40.783] [error] [console_user_server] grabber_client connect_failed: Connection refused
[2023-05-30 00:15:41.818] [error] [console_user_server] grabber_client connect_failed: Connection refused
[2023-05-30 00:15:43.247] [info] [console_user_server] version 14.12.0
[2023-05-30 00:15:43.348] [info] [console_user_server] on_console_changed: on_console:true
[2023-05-30 00:15:43.348] [info] [console_user_server] grabber_client is started.
[2023-05-30 00:15:43.349] [error] [console_user_server] grabber_client connect_failed: Connection refused
[2023-05-30 00:15:44.425] [error] [console_user_server] grabber_client connect_failed: Connection refused
[2023-05-30 00:15:45.451] [error] [console_user_server] grabber_client connect_failed: Connection refused
[2023-05-30 00:15:46.521] [error] [console_user_server] grabber_client connect_failed: Connection refused
[2023-05-30 00:15:47.575] [error] [console_user_server] grabber_client connect_failed: Connection refused
[2023-05-30 00:15:48.649] [error] [console_user_server] grabber_client connect_failed: Connection refused
[2023-05-30 00:15:49.679] [error] [console_user_server] grabber_client connect_failed: Connection refused
[2023-05-30 00:15:50.754] [error] [console_user_server] grabber_client connect_failed: Connection refused
[2023-05-30 00:15:51.821] [error] [console_user_server] grabber_client connect_failed: Connection refused
[2023-05-30 00:15:52.892] [error] [console_user_server] grabber_client connect_failed: Connection refused
[2023-05-30 00:15:53.935] [error] [console_user_server] grabber_client connect_failed: Connection refused
[2023-05-30 00:15:55.009] [error] [console_user_server] grabber_client connect_failed: Connection refused
[2023-05-30 00:15:56.069] [error] [console_user_server] grabber_client connect_failed: Connection refused
[2023-05-30 00:15:57.143] [error] [console_user_server] grabber_client connect_failed: Connection refused
[2023-05-30 00:15:57.822] [info] [console_user_server] version 14.12.0
[2023-05-30 00:15:57.923] [info] [console_user_server] on_console_changed: on_console:true
[2023-05-30 00:15:57.923] [info] [console_user_server] grabber_client is started.
[2023-05-30 00:15:57.923] [error] [console_user_server] grabber_client connect_failed: Connection refused
[2023-05-30 00:15:58.999] [error] [console_user_server] grabber_client connect_failed: Connection refused
[2023-05-30 00:16:00.077] [error] [console_user_server] grabber_client connect_failed: Connection refused
[2023-05-30 00:16:08.535] [info] [console_user_server] version 14.12.0
[2023-05-30 00:16:08.906] [info] [console_user_server] on_console_changed: on_console:true
[2023-05-30 00:16:08.907] [info] [console_user_server] grabber_client is started.
[2023-05-30 00:16:08.907] [error] [console_user_server] grabber_client connect_failed: Connection refused
[2023-05-30 00:16:09.982] [error] [console_user_server] grabber_client connect_failed: Connection refused
[2023-05-30 00:16:11.010] [error] [console_user_server] grabber_client connect_failed: Connection refused
[2023-05-30 00:16:12.056] [error] [console_user_server] grabber_client connect_failed: Connection refused
[2023-05-30 00:16:13.089] [error] [console_user_server] grabber_client connect_failed: Connection refused
[2023-05-30 00:16:14.161] [error] [console_user_server] grabber_client connect_failed: Connection refused
[2023-05-30 00:16:15.174] [error] [console_user_server] grabber_client connect_failed: Connection refused
[2023-05-30 00:16:16.229] [error] [console_user_server] grabber_client connect_failed: Connection refused
[2023-05-30 00:16:17.312] [error] [console_user_server] grabber_client connect_failed: Connection refused
[2023-05-30 00:16:18.376] [error] [console_user_server] grabber_client connect_failed: Connection refused
[2023-05-30 00:16:19.437] [error] [console_user_server] grabber_client connect_failed: Connection refused
[2023-05-30 00:16:20.496] [error] [console_user_server] grabber_client connect_failed: Connection refused
[2023-05-30 00:16:21.517] [error] [console_user_server] grabber_client connect_failed: Connection refused
[2023-05-30 00:16:22.587] [error] [console_user_server] grabber_client connect_failed: Connection refused
[2023-05-30 00:16:23.633] [error] [console_user_server] grabber_client connect_failed: Connection refused
[2023-05-30 00:16:24.701] [error] [console_user_server] grabber_client connect_failed: Connection refused
[2023-05-30 00:16:25.776] [error] [console_user_server] grabber_client connect_failed: Connection refused
[2023-05-30 00:16:26.823] [error] [console_user_server] grabber_client connect_failed: Connection refused
[2023-05-30 00:16:27.887] [error] [console_user_server] grabber_client connect_failed: Connection refused
[2023-05-30 00:16:29.531] [info] [console_user_server] version 14.12.0
[2023-05-30 00:16:29.637] [info] [console_user_server] on_console_changed: on_console:true
[2023-05-30 00:16:29.638] [info] [console_user_server] grabber_client is started.
[2023-05-30 00:16:29.638] [error] [console_user_server] grabber_client connect_failed: Connection refused
[2023-05-30 00:16:30.713] [error] [console_user_server] grabber_client connect_failed: Connection refused
[2023-05-30 00:16:40.118] [info] [console_user_server] version 14.12.0
[2023-05-30 00:16:40.224] [info] [console_user_server] on_console_changed: on_console:true
[2023-05-30 00:16:40.225] [info] [console_user_server] grabber_client is started.
[2023-05-30 00:16:40.225] [error] [console_user_server] grabber_client connect_failed: Connection refused
[2023-05-30 00:16:41.297] [error] [console_user_server] grabber_client connect_failed: Connection refused
[2023-05-30 00:16:42.370] [error] [console_user_server] grabber_client connect_failed: Connection refused
[2023-05-30 00:16:43.437] [error] [console_user_server] grabber_client connect_failed: Connection refused
[2023-05-30 00:16:44.499] [error] [console_user_server] grabber_client connect_failed: Connection refused
[2023-05-30 00:16:45.568] [error] [console_user_server] grabber_client connect_failed: Connection refused
[2023-05-30 00:16:46.642] [error] [console_user_server] grabber_client connect_failed: Connection refused
[2023-05-30 00:16:47.716] [error] [console_user_server] grabber_client connect_failed: Connection refused
[2023-05-30 00:16:48.783] [error] [console_user_server] grabber_client connect_failed: Connection refused
[2023-05-30 00:16:49.851] [error] [console_user_server] grabber_client connect_failed: Connection refused
[2023-05-30 00:16:50.915] [error] [console_user_server] grabber_client connect_failed: Connection refused
[2023-05-30 00:16:51.941] [error] [console_user_server] grabber_client connect_failed: Connection refused
[2023-05-30 00:16:53.002] [error] [console_user_server] grabber_client connect_failed: Connection refused
[2023-05-30 00:16:54.066] [error] [console_user_server] grabber_client connect_failed: Connection refused
[2023-05-30 00:16:55.137] [error] [console_user_server] grabber_client connect_failed: Connection refused
[2023-05-30 00:16:56.194] [error] [console_user_server] grabber_client connect_failed: Connection refused
[2023-05-30 00:16:57.250] [error] [console_user_server] grabber_client connect_failed: Connection refused
[2023-05-30 00:16:58.281] [error] [console_user_server] grabber_client connect_failed: Connection refused
[2023-05-30 00:16:59.335] [error] [console_user_server] grabber_client connect_failed: Connection refused
[2023-05-30 00:17:00.377] [error] [console_user_server] grabber_client connect_failed: Connection refused
[2023-05-30 00:17:01.451] [error] [console_user_server] grabber_client connect_failed: Connection refused
[2023-05-30 00:17:02.516] [error] [console_user_server] grabber_client connect_failed: Connection refused
[2023-05-30 00:17:03.571] [error] [console_user_server] grabber_client connect_failed: Connection refused
[2023-05-30 00:17:04.577] [error] [console_user_server] grabber_client connect_failed: Connection refused
[2023-05-30 00:17:05.643] [error] [console_user_server] grabber_client connect_failed: Connection refused
[2023-05-30 00:17:06.716] [error] [console_user_server] grabber_client connect_failed: Connection refused
[2023-05-30 00:17:07.791] [error] [console_user_server] grabber_client connect_failed: Connection refused
[2023-05-30 00:17:08.865] [error] [console_user_server] grabber_client connect_failed: Connection refused
[2023-05-30 00:17:09.926] [error] [console_user_server] grabber_client connect_failed: Connection refused
[2023-05-30 00:17:10.985] [error] [console_user_server] grabber_client connect_failed: Connection refused
[2023-05-30 00:17:12.059] [error] [console_user_server] grabber_client connect_failed: Connection refused
[2023-05-30 00:17:13.116] [error] [console_user_server] grabber_client connect_failed: Connection refused
[2023-05-30 00:17:14.151] [error] [console_user_server] grabber_client connect_failed: Connection refused
[2023-05-30 00:17:15.223] [error] [console_user_server] grabber_client connect_failed: Connection refused
[2023-05-30 00:17:16.281] [error] [console_user_server] grabber_client connect_failed: Connection refused
[2023-05-30 00:17:17.339] [error] [console_user_server] grabber_client connect_failed: Connection refused
[2023-05-30 00:17:18.405] [error] [console_user_server] grabber_client connect_failed: Connection refused
[2023-05-30 00:17:19.265] [info] [console_user_server] version 14.12.0
[2023-05-30 00:17:19.369] [info] [console_user_server] on_console_changed: on_console:true
[2023-05-30 00:17:19.370] [info] [console_user_server] grabber_client is started.
[2023-05-30 00:17:19.370] [error] [console_user_server] grabber_client connect_failed: Connection refused
[2023-05-30 00:17:20.439] [error] [console_user_server] grabber_client connect_failed: Connection refused
[2023-05-30 00:17:21.511] [error] [console_user_server] grabber_client connect_failed: Connection refused
[2023-05-30 00:17:22.581] [error] [console_user_server] grabber_client connect_failed: Connection refused
[2023-05-30 00:17:23.655] [error] [console_user_server] grabber_client connect_failed: Connection refused
[2023-05-30 00:17:24.724] [error] [console_user_server] grabber_client connect_failed: Connection refused
[2023-05-30 00:17:25.751] [error] [console_user_server] grabber_client connect_failed: Connection refused
[2023-05-30 00:17:26.803] [error] [console_user_server] grabber_client connect_failed: Connection refused
[2023-05-30 00:17:27.850] [error] [console_user_server] grabber_client connect_failed: Connection refused
[2023-05-30 00:17:28.910] [error] [console_user_server] grabber_client connect_failed: Connection refused
[2023-05-30 00:17:30.017] [error] [console_user_server] grabber_client connect_failed: Connection refused
[2023-05-30 00:17:31.044] [error] [console_user_server] grabber_client connect_failed: Connection refused
[2023-05-30 00:17:32.056] [error] [console_user_server] grabber_client connect_failed: Connection refused
[2023-05-30 00:17:33.131] [error] [console_user_server] grabber_client connect_failed: Connection refused
[2023-05-30 00:17:34.203] [error] [console_user_server] grabber_client connect_failed: Connection refused
[2023-05-30 00:17:35.253] [error] [console_user_server] grabber_client connect_failed: Connection refused
[2023-05-30 00:17:36.326] [error] [console_user_server] grabber_client connect_failed: Connection refused
[2023-05-30 00:17:37.390] [error] [console_user_server] grabber_client connect_failed: Connection refused
[2023-05-30 00:17:38.457] [error] [console_user_server] grabber_client connect_failed: Connection refused
[2023-05-30 00:17:39.524] [error] [console_user_server] grabber_client connect_failed: Connection refused
[2023-05-30 00:17:40.575] [error] [console_user_server] grabber_client connect_failed: Connection refused
[2023-05-30 00:17:41.648] [error] [console_user_server] grabber_client connect_failed: Connection refused
[2023-05-30 00:17:42.715] [error] [console_user_server] grabber_client connect_failed: Connection refused
[2023-05-30 00:17:43.785] [error] [console_user_server] grabber_client connect_failed: Connection refused
[2023-05-30 00:17:44.850] [error] [console_user_server] grabber_client connect_failed: Connection refused
[2023-05-30 00:17:45.921] [error] [console_user_server] grabber_client connect_failed: Connection refused
[2023-05-30 00:17:46.948] [error] [console_user_server] grabber_client connect_failed: Connection refused
[2023-05-30 00:17:48.000] [error] [console_user_server] grabber_client connect_failed: Connection refused
[2023-05-30 00:17:49.045] [error] [console_user_server] grabber_client connect_failed: Connection refused
[2023-05-30 00:17:50.084] [error] [console_user_server] grabber_client connect_failed: Connection refused
[2023-05-30 00:17:51.151] [error] [console_user_server] grabber_client connect_failed: Connection refused
[2023-05-30 00:17:52.218] [error] [console_user_server] grabber_client connect_failed: Connection refused
[2023-05-30 00:17:53.293] [error] [console_user_server] grabber_client connect_failed: Connection refused
[2023-05-30 00:17:54.343] [error] [console_user_server] grabber_client connect_failed: Connection refused
[2023-05-30 00:17:55.405] [error] [console_user_server] grabber_client connect_failed: Connection refused
[2023-05-30 00:17:56.462] [error] [console_user_server] grabber_client connect_failed: Connection refused
[2023-05-30 00:17:57.525] [error] [console_user_server] grabber_client connect_failed: Connection refused
[2023-05-30 00:17:58.602] [error] [console_user_server] grabber_client connect_failed: Connection refused
[2023-05-30 00:17:59.676] [error] [console_user_server] grabber_client connect_failed: Connection refused
[2023-05-30 00:18:00.715] [error] [console_user_server] grabber_client connect_failed: Connection refused
[2023-05-30 00:18:01.787] [error] [console_user_server] grabber_client connect_failed: Connection refused
[2023-05-30 00:18:02.847] [error] [console_user_server] grabber_client connect_failed: Connection refused
[2023-05-30 00:18:03.920] [error] [console_user_server] grabber_client connect_failed: Connection refused
[2023-05-30 00:18:04.922] [error] [console_user_server] grabber_client connect_failed: Connection refused
[2023-05-30 00:18:05.960] [error] [console_user_server] grabber_client connect_failed: Connection refused
[2023-07-03 22:51:30.641] [info] [console_user_server] version 14.12.0
[2023-07-03 22:51:30.803] [info] [console_user_server] on_console_changed: on_console:true
[2023-07-03 22:51:30.803] [info] [console_user_server] grabber_client is started.
[2023-07-03 22:51:30.803] [error] [console_user_server] grabber_client connect_failed: No such file or directory
[2023-07-03 22:51:31.877] [error] [console_user_server] grabber_client connect_failed: No such file or directory
[2023-07-03 22:51:32.953] [error] [console_user_server] grabber_client connect_failed: No such file or directory
[2023-07-03 22:51:34.025] [error] [console_user_server] grabber_client connect_failed: No such file or directory
[2023-07-03 22:51:35.094] [error] [console_user_server] grabber_client connect_failed: No such file or directory
[2023-07-03 22:51:36.095] [error] [console_user_server] grabber_client connect_failed: No such file or directory
[2023-07-03 22:51:37.161] [error] [console_user_server] grabber_client connect_failed: No such file or directory
[2023-07-03 22:51:38.198] [error] [console_user_server] grabber_client connect_failed: No such file or directory
[2023-07-03 22:51:39.273] [error] [console_user_server] grabber_client connect_failed: No such file or directory
[2023-07-03 22:51:40.322] [error] [console_user_server] grabber_client connect_failed: No such file or directory
[2023-07-03 22:51:41.373] [error] [console_user_server] grabber_client connect_failed: No such file or directory
[2023-07-03 22:51:42.438] [error] [console_user_server] grabber_client connect_failed: No such file or directory
[2023-07-03 22:51:43.496] [error] [console_user_server] grabber_client connect_failed: No such file or directory
[2023-07-03 22:51:44.519] [error] [console_user_server] grabber_client connect_failed: No such file or directory
[2023-07-03 22:51:45.572] [error] [console_user_server] grabber_client connect_failed: No such file or directory
[2023-07-03 22:51:46.637] [error] [console_user_server] grabber_client connect_failed: No such file or directory
[2023-07-03 22:51:47.699] [error] [console_user_server] grabber_client connect_failed: No such file or directory
[2023-07-03 22:51:48.708] [error] [console_user_server] grabber_client connect_failed: Permission denied
[2023-07-03 22:51:49.763] [info] [console_user_server] grabber_client is connected.
[2023-07-03 22:51:49.974] [info] [console_user_server] Load /Users/shivamrawat/.config/karabiner/karabiner.json...
[2023-07-03 22:51:49.974] [info] [console_user_server] core_configuration is updated.
[2023-07-03 22:52:20.045] [info] [console_user_server] Check for updates...
[2023-07-03 23:28:30.097] [info] [console_user_server] version 14.12.0
[2023-07-03 23:28:39.257] [info] [console_user_server] on_console_changed: on_console:true
[2023-07-03 23:28:39.258] [info] [console_user_server] grabber_client is started.
[2023-07-03 23:28:39.259] [info] [console_user_server] grabber_client is connected.
[2023-07-03 23:28:40.100] [info] [console_user_server] Load /Users/shivamrawat/.config/karabiner/karabiner.json...
[2023-07-03 23:28:40.101] [info] [console_user_server] core_configuration is updated.
[2023-07-03 23:29:27.327] [info] [console_user_server] Load /Users/shivamrawat/.config/karabiner/karabiner.json...
[2023-07-03 23:29:27.329] [info] [console_user_server] core_configuration is updated.
[2023-07-03 23:29:36.330] [info] [console_user_server] Load /Users/shivamrawat/.config/karabiner/karabiner.json...
[2023-07-03 23:29:36.336] [info] [console_user_server] core_configuration is updated.
[2023-07-03 23:29:39.309] [info] [console_user_server] Load /Users/shivamrawat/.config/karabiner/karabiner.json...
[2023-07-03 23:29:39.312] [info] [console_user_server] core_configuration is updated.
[2023-07-03 23:30:27.236] [info] [console_user_server] Load /Users/shivamrawat/.config/karabiner/karabiner.json...
[2023-07-03 23:30:27.242] [info] [console_user_server] core_configuration is updated.
[2023-07-03 23:30:32.749] [info] [console_user_server] Load /Users/shivamrawat/.config/karabiner/karabiner.json...
[2023-07-03 23:30:32.761] [info] [console_user_server] core_configuration is updated.
[2023-07-03 23:30:57.646] [info] [console_user_server] Load /Users/shivamrawat/.config/karabiner/karabiner.json...
[2023-07-03 23:30:57.652] [info] [console_user_server] core_configuration is updated.
[2023-07-03 23:31:25.392] [info] [console_user_server] Load /Users/shivamrawat/.config/karabiner/karabiner.json...
[2023-07-03 23:31:25.395] [info] [console_user_server] core_configuration is updated.
[2023-07-03 23:32:14.733] [info] [console_user_server] Load /Users/shivamrawat/.config/karabiner/karabiner.json...
[2023-07-03 23:32:14.739] [info] [console_user_server] core_configuration is updated.
[2023-07-03 23:32:32.470] [info] [console_user_server] Load /Users/shivamrawat/.config/karabiner/karabiner.json...
[2023-07-03 23:32:32.475] [info] [console_user_server] core_configuration is updated.
[2023-07-04 10:11:29.610] [info] [console_user_server] version 14.12.0
[2023-07-04 10:11:39.070] [info] [console_user_server] on_console_changed: on_console:true
[2023-07-04 10:11:39.074] [info] [console_user_server] grabber_client is started.
[2023-07-04 10:11:39.075] [info] [console_user_server] grabber_client is connected.
[2023-07-04 10:11:39.406] [info] [console_user_server] Load /Users/shivamrawat/.config/karabiner/karabiner.json...
[2023-07-04 10:11:39.411] [info] [console_user_server] core_configuration is updated.
[2023-07-05 15:31:25.870] [info] [console_user_server] version 14.12.0
[2023-07-05 15:31:35.316] [info] [console_user_server] on_console_changed: on_console:true
[2023-07-05 15:31:35.330] [info] [console_user_server] grabber_client is started.
[2023-07-05 15:31:35.336] [info] [console_user_server] grabber_client is connected.
[2023-07-05 15:31:35.674] [info] [console_user_server] Load /Users/shivamrawat/.config/karabiner/karabiner.json...
[2023-07-05 15:31:35.687] [info] [console_user_server] core_configuration is updated.
[2023-07-05 18:35:13.617] [info] [console_user_server] version 14.12.0
[2023-07-05 18:35:23.290] [info] [console_user_server] on_console_changed: on_console:true
[2023-07-05 18:35:23.291] [info] [console_user_server] grabber_client is started.
[2023-07-05 18:35:23.292] [info] [console_user_server] grabber_client is connected.
[2023-07-05 18:35:23.666] [info] [console_user_server] Load /Users/shivamrawat/.config/karabiner/karabiner.json...
[2023-07-05 18:35:23.674] [info] [console_user_server] core_configuration is updated.
[2023-07-06 08:17:33.738] [info] [console_user_server] version 14.12.0
[2023-07-06 08:17:43.195] [info] [console_user_server] on_console_changed: on_console:true
[2023-07-06 08:17:43.197] [info] [console_user_server] grabber_client is started.
[2023-07-06 08:17:43.197] [info] [console_user_server] grabber_client is connected.
[2023-07-06 08:17:43.566] [info] [console_user_server] Load /Users/shivamrawat/.config/karabiner/karabiner.json...
[2023-07-06 08:17:43.584] [info] [console_user_server] core_configuration is updated.
[2023-07-06 11:43:52.188] [info] [console_user_server] version 14.12.0
[2023-07-06 11:44:02.330] [info] [console_user_server] on_console_changed: on_console:true
[2023-07-06 11:44:02.334] [info] [console_user_server] grabber_client is started.
[2023-07-06 11:44:02.334] [info] [console_user_server] grabber_client is connected.
[2023-07-06 11:44:02.787] [info] [console_user_server] Load /Users/shivamrawat/.config/karabiner/karabiner.json...
[2023-07-06 11:44:02.791] [info] [console_user_server] core_configuration is updated.
[2023-07-07 16:21:16.428] [info] [console_user_server] version 14.12.0
[2023-07-07 16:21:25.743] [info] [console_user_server] on_console_changed: on_console:true
[2023-07-07 16:21:25.763] [info] [console_user_server] grabber_client is started.
[2023-07-07 16:21:25.764] [info] [console_user_server] grabber_client is connected.
[2023-07-07 16:21:26.260] [info] [console_user_server] Load /Users/shivamrawat/.config/karabiner/karabiner.json...
[2023-07-07 16:21:26.268] [info] [console_user_server] core_configuration is updated.
[2023-07-09 09:55:17.431] [info] [console_user_server] version 14.12.0
[2023-07-09 09:55:27.107] [info] [console_user_server] on_console_changed: on_console:true
[2023-07-09 09:55:27.129] [info] [console_user_server] grabber_client is started.
[2023-07-09 09:55:27.131] [info] [console_user_server] grabber_client is connected.
[2023-07-09 09:55:27.614] [info] [console_user_server] Load /Users/shivamrawat/.config/karabiner/karabiner.json...
[2023-07-09 09:55:27.619] [info] [console_user_server] core_configuration is updated.
[2023-07-11 09:17:00.263] [info] [console_user_server] version 14.12.0
[2023-07-11 09:17:09.834] [info] [console_user_server] on_console_changed: on_console:true
[2023-07-11 09:17:09.903] [info] [console_user_server] grabber_client is started.
[2023-07-11 09:17:09.903] [info] [console_user_server] grabber_client is connected.
[2023-07-11 09:17:11.554] [info] [console_user_server] Load /Users/shivamrawat/.config/karabiner/karabiner.json...
[2023-07-11 09:17:11.616] [info] [console_user_server] core_configuration is updated.
[2023-07-16 15:19:33.486] [info] [console_user_server] version 14.12.0
[2023-07-16 15:19:42.838] [info] [console_user_server] on_console_changed: on_console:true
[2023-07-16 15:19:42.839] [info] [console_user_server] grabber_client is started.
[2023-07-16 15:19:42.839] [info] [console_user_server] grabber_client is connected.
[2023-07-16 15:19:43.546] [info] [console_user_server] Load /Users/shivamrawat/.config/karabiner/karabiner.json...
[2023-07-16 15:19:43.546] [info] [console_user_server] core_configuration is updated.
[2023-07-17 11:29:47.726] [info] [console_user_server] version 14.12.0
[2023-07-17 11:29:57.009] [info] [console_user_server] on_console_changed: on_console:true
[2023-07-17 11:29:57.043] [info] [console_user_server] grabber_client is started.
[2023-07-17 11:29:57.045] [info] [console_user_server] grabber_client is connected.
[2023-07-17 11:29:57.499] [info] [console_user_server] Load /Users/shivamrawat/.config/karabiner/karabiner.json...
[2023-07-17 11:29:57.505] [info] [console_user_server] core_configuration is updated.
[2023-07-18 10:18:56.681] [info] [console_user_server] version 14.12.0
[2023-07-18 10:19:06.084] [info] [console_user_server] on_console_changed: on_console:true
[2023-07-18 10:19:06.086] [info] [console_user_server] grabber_client is started.
[2023-07-18 10:19:06.087] [info] [console_user_server] grabber_client is connected.
[2023-07-18 10:19:06.484] [info] [console_user_server] Load /Users/shivamrawat/.config/karabiner/karabiner.json...
[2023-07-18 10:19:06.485] [info] [console_user_server] core_configuration is updated.
[2023-07-24 22:50:48.015] [info] [console_user_server] version 14.12.0
[2023-07-24 22:50:55.946] [info] [console_user_server] on_console_changed: on_console:true
[2023-07-24 22:50:56.288] [info] [console_user_server] grabber_client is started.
[2023-07-24 22:50:56.294] [info] [console_user_server] grabber_client is connected.
[2023-07-24 22:50:56.812] [info] [console_user_server] Load /Users/shivamrawat/.config/karabiner/karabiner.json...
[2023-07-24 22:50:56.853] [info] [console_user_server] core_configuration is updated.
[2023-07-25 22:36:27.178] [info] [console_user_server] version 14.12.0
[2023-07-25 22:36:36.963] [info] [console_user_server] on_console_changed: on_console:true
[2023-07-25 22:36:37.158] [info] [console_user_server] grabber_client is started.
[2023-07-25 22:36:37.170] [info] [console_user_server] grabber_client is connected.
[2023-07-25 22:36:38.018] [info] [console_user_server] Load /Users/shivamrawat/.config/karabiner/karabiner.json...
[2023-07-25 22:36:38.105] [info] [console_user_server] core_configuration is updated.
[2023-07-26 08:54:10.554] [info] [console_user_server] version 14.12.0
[2023-07-26 08:54:19.901] [info] [console_user_server] on_console_changed: on_console:true
[2023-07-26 08:54:19.908] [info] [console_user_server] grabber_client is started.
[2023-07-26 08:54:19.908] [info] [console_user_server] grabber_client is connected.
[2023-07-26 08:54:20.303] [info] [console_user_server] Load /Users/shivamrawat/.config/karabiner/karabiner.json...
[2023-07-26 08:54:20.312] [info] [console_user_server] core_configuration is updated.
[2023-07-28 08:55:45.791] [info] [console_user_server] version 14.12.0
[2023-07-28 08:55:52.786] [info] [console_user_server] on_console_changed: on_console:true
[2023-07-28 08:55:52.807] [info] [console_user_server] grabber_client is started.
[2023-07-28 08:55:52.808] [info] [console_user_server] grabber_client is connected.
[2023-07-28 08:55:53.541] [info] [console_user_server] Load /Users/shivamrawat/.config/karabiner/karabiner.json...
[2023-07-28 08:55:53.561] [info] [console_user_server] core_configuration is updated.
[2023-07-26 09:20:03.058] [info] [console_user_server] version 14.12.0
[2023-07-26 09:20:10.399] [info] [console_user_server] on_console_changed: on_console:true
[2023-07-26 09:20:10.484] [info] [console_user_server] grabber_client is started.
[2023-07-26 09:20:10.493] [info] [console_user_server] grabber_client is connected.
[2023-07-26 09:20:11.363] [info] [console_user_server] Load /Users/shivamrawat/.config/karabiner/karabiner.json...
[2023-07-26 09:20:11.370] [info] [console_user_server] core_configuration is updated.
[2023-07-27 20:50:43.344] [info] [console_user_server] version 14.12.0
[2023-07-27 20:50:53.323] [info] [console_user_server] on_console_changed: on_console:true
[2023-07-27 20:50:53.584] [info] [console_user_server] grabber_client is started.
[2023-07-27 20:50:53.585] [info] [console_user_server] grabber_client is connected.
[2023-07-27 20:50:54.690] [info] [console_user_server] Load /Users/shivamrawat/.config/karabiner/karabiner.json...
[2023-07-27 20:50:54.740] [info] [console_user_server] core_configuration is updated.
[2023-07-28 14:58:53.621] [info] [console_user_server] version 14.12.0
[2023-07-28 14:59:03.822] [info] [console_user_server] on_console_changed: on_console:true
[2023-07-28 14:59:03.926] [info] [console_user_server] grabber_client is started.
[2023-07-28 14:59:03.947] [info] [console_user_server] grabber_client is connected.
[2023-07-28 14:59:11.159] [info] [console_user_server] Load /Users/shivamrawat/.config/karabiner/karabiner.json...
[2023-07-28 14:59:11.266] [info] [console_user_server] core_configuration is updated.
[2023-07-28 22:19:36.547] [info] [console_user_server] version 14.12.0
[2023-07-28 22:19:44.970] [info] [console_user_server] on_console_changed: on_console:true
[2023-07-28 22:19:44.979] [info] [console_user_server] grabber_client is started.
[2023-07-28 22:19:44.979] [info] [console_user_server] grabber_client is connected.
[2023-07-28 22:19:47.711] [info] [console_user_server] Load /Users/shivamrawat/.config/karabiner/karabiner.json...
[2023-07-28 22:19:47.719] [info] [console_user_server] core_configuration is updated.
[2023-07-29 11:57:05.684] [info] [console_user_server] version 14.12.0
[2023-07-29 11:57:15.134] [info] [console_user_server] on_console_changed: on_console:true
[2023-07-29 11:57:15.136] [info] [console_user_server] grabber_client is started.
[2023-07-29 11:57:15.137] [info] [console_user_server] grabber_client is connected.
[2023-07-29 11:57:15.532] [info] [console_user_server] Load /Users/shivamrawat/.config/karabiner/karabiner.json...
[2023-07-29 11:57:15.537] [info] [console_user_server] core_configuration is updated.
[2023-07-30 10:42:44.265] [info] [console_user_server] version 14.12.0
[2023-07-30 10:42:53.223] [info] [console_user_server] on_console_changed: on_console:true
[2023-07-30 10:42:53.250] [info] [console_user_server] grabber_client is started.
[2023-07-30 10:42:53.253] [info] [console_user_server] grabber_client is connected.
[2023-07-30 10:43:01.337] [info] [console_user_server] Load /Users/shivamrawat/.config/karabiner/karabiner.json...
[2023-07-30 10:43:01.343] [info] [console_user_server] core_configuration is updated.
[2023-07-30 21:35:14.351] [info] [console_user_server] version 14.12.0
[2023-07-30 21:35:23.510] [info] [console_user_server] on_console_changed: on_console:true
[2023-07-30 21:35:23.634] [info] [console_user_server] grabber_client is started.
[2023-07-30 21:35:23.656] [info] [console_user_server] grabber_client is connected.
[2023-07-30 21:35:24.327] [info] [console_user_server] Load /Users/shivamrawat/.config/karabiner/karabiner.json...
[2023-07-30 21:35:24.333] [info] [console_user_server] core_configuration is updated.
[2023-07-31 09:06:34.047] [info] [console_user_server] version 14.12.0
[2023-07-31 09:06:44.124] [info] [console_user_server] on_console_changed: on_console:true
[2023-07-31 09:06:44.136] [info] [console_user_server] grabber_client is started.
[2023-07-31 09:06:44.136] [info] [console_user_server] grabber_client is connected.
[2023-07-31 09:06:44.589] [info] [console_user_server] Load /Users/shivamrawat/.config/karabiner/karabiner.json...
[2023-07-31 09:06:44.623] [info] [console_user_server] core_configuration is updated.
[2023-07-31 13:12:35.856] [info] [console_user_server] version 14.12.0
[2023-07-31 13:12:44.672] [info] [console_user_server] on_console_changed: on_console:true
[2023-07-31 13:12:44.880] [info] [console_user_server] grabber_client is started.
[2023-07-31 13:12:44.903] [info] [console_user_server] grabber_client is connected.
[2023-07-31 13:12:45.473] [info] [console_user_server] Load /Users/shivamrawat/.config/karabiner/karabiner.json...
[2023-07-31 13:12:45.478] [info] [console_user_server] core_configuration is updated.
[2023-08-01 10:19:23.727] [info] [console_user_server] version 14.12.0
[2023-08-01 10:19:39.002] [info] [console_user_server] on_console_changed: on_console:true
[2023-08-01 10:19:39.004] [info] [console_user_server] grabber_client is started.
[2023-08-01 10:19:39.006] [info] [console_user_server] grabber_client is connected.
[2023-08-01 10:19:46.647] [info] [console_user_server] Load /Users/shivamrawat/.config/karabiner/karabiner.json...
[2023-08-01 10:19:46.745] [info] [console_user_server] core_configuration is updated.
